-----------------------------------------------
Running for number of threads:1 and nodes:1
-----------------------------------------------
N = 2000 
Time measured: 30.25706 seconds.
Number of OpenMP threads: 1
Results appended to results.csv
-----------------------------------------------
Running for number of threads:2 and nodes:1
-----------------------------------------------
N = 2000 
Time measured: 15.15807 seconds.
Number of OpenMP threads: 2
Results appended to results.csv
-----------------------------------------------
Running for number of threads:4 and nodes:1
-----------------------------------------------
N = 2000 
Time measured: 7.56762 seconds.
Number of OpenMP threads: 4
Results appended to results.csv
-----------------------------------------------
Running for number of threads:8 and nodes:1
-----------------------------------------------
N = 2000 
Time measured: 3.78377 seconds.
Number of OpenMP threads: 8
Results appended to results.csv
-----------------------------------------------
Running for number of threads:16 and nodes:1
-----------------------------------------------
N = 2000 
Time measured: 1.89554 seconds.
Number of OpenMP threads: 16
Results appended to results.csv
-----------------------------------------------
Running for number of threads:32 and nodes:1
-----------------------------------------------
N = 2000 
Time measured: 1.03645 seconds.
Number of OpenMP threads: 32
Results appended to results.csv
-----------------------------------------------
Running for number of threads:64 and nodes:1
-----------------------------------------------
N = 2000 
Time measured: 0.58302 seconds.
Number of OpenMP threads: 64
Results appended to results.csv
-----------------------------------------------
Running for number of threads:128 and nodes:1
-----------------------------------------------
N = 2000 
Time measured: 0.65407 seconds.
Number of OpenMP threads: 128
Results appended to results.csv
-----------------------------------------------
Running for number of threads:1 and nodes:2
-----------------------------------------------
N = 2000 
Time measured: 15.20269 seconds.
Number of OpenMP threads: 1
Results appended to results.csv
-----------------------------------------------
Running for number of threads:2 and nodes:2
-----------------------------------------------
N = 2000 
Time measured: 7.54931 seconds.
Number of OpenMP threads: 2
Results appended to results.csv
-----------------------------------------------
Running for number of threads:4 and nodes:2
-----------------------------------------------
N = 2000 
Time measured: 3.78691 seconds.
Number of OpenMP threads: 4
Results appended to results.csv
-----------------------------------------------
Running for number of threads:8 and nodes:2
-----------------------------------------------
N = 2000 
Time measured: 1.90557 seconds.
Number of OpenMP threads: 8
Results appended to results.csv
-----------------------------------------------
Running for number of threads:16 and nodes:2
-----------------------------------------------
N = 2000 
Time measured: 0.99565 seconds.
Number of OpenMP threads: 16
Results appended to results.csv
-----------------------------------------------
Running for number of threads:32 and nodes:2
-----------------------------------------------
N = 2000 
Time measured: 0.80166 seconds.
Number of OpenMP threads: 32
Results appended to results.csv
-----------------------------------------------
Running for number of threads:64 and nodes:2
-----------------------------------------------
N = 2000 
Time measured: 0.63017 seconds.
Number of OpenMP threads: 64
Results appended to results.csv
-----------------------------------------------
Running for number of threads:128 and nodes:2
-----------------------------------------------
N = 2000 
Time measured: 0.60104 seconds.
Number of OpenMP threads: 128
Results appended to results.csv
-----------------------------------------------
Running for number of threads:1 and nodes:4
-----------------------------------------------
N = 2000 
Time measured: 7.56801 seconds.
Number of OpenMP threads: 1
Results appended to results.csv
-----------------------------------------------
Running for number of threads:2 and nodes:4
-----------------------------------------------
N = 2000 
Time measured: 3.77434 seconds.
Number of OpenMP threads: 2
Results appended to results.csv
-----------------------------------------------
Running for number of threads:4 and nodes:4
-----------------------------------------------
N = 2000 
Time measured: 1.89737 seconds.
Number of OpenMP threads: 4
Results appended to results.csv
-----------------------------------------------
Running for number of threads:8 and nodes:4
-----------------------------------------------
N = 2000 
Time measured: 0.96651 seconds.
Number of OpenMP threads: 8
Results appended to results.csv
-----------------------------------------------
Running for number of threads:16 and nodes:4
-----------------------------------------------
N = 2000 
Time measured: 0.51529 seconds.
Number of OpenMP threads: 16
Results appended to results.csv
-----------------------------------------------
Running for number of threads:32 and nodes:4
-----------------------------------------------
N = 2000 
Time measured: 0.42735 seconds.
Number of OpenMP threads: 32
Results appended to results.csv
-----------------------------------------------
Running for number of threads:64 and nodes:4
-----------------------------------------------
N = 2000 
Time measured: 0.33797 seconds.
Number of OpenMP threads: 64
Results appended to results.csv
-----------------------------------------------
Running for number of threads:128 and nodes:4
-----------------------------------------------
N = 2000 
Time measured: 0.31978 seconds.
Number of OpenMP threads: 128
Results appended to results.csv
JobId=33134214 JobName=p4p1
   UserId=daihaish(6182369) GroupId=cmse(2362) MCS_label=N/A
   Priority=60359 Nice=0 Account=general QOS=daihaish
   JobState=RUNNING Reason=None Dependency=(null)
   Requeue=1 Restarts=0 BatchFlag=1 Reboot=0 ExitCode=0:0
   RunTime=00:02:29 TimeLimit=00:10:00 TimeMin=N/A
   SubmitTime=2024-03-26T19:49:17 EligibleTime=2024-03-26T19:49:17
   AccrueTime=2024-03-26T19:49:17
   StartTime=2024-03-26T19:49:39 EndTime=2024-03-26T19:59:39 Deadline=N/A
   SuspendTime=None SecsPreSuspend=0 LastSchedEval=2024-03-26T19:49:39 Scheduler=Main
   Partition=general-short AllocNode:Sid=dev-amd20:113282
   ReqNodeList=(null) ExcNodeList=(null)
   NodeList=amr-157
   BatchHost=amr-157
   NumNodes=1 NumCPUs=128 NumTasks=4 CPUs/Task=1 ReqB:S:C:T=0:0:*:*
   ReqTRES=cpu=4,mem=8G,node=1,billing=1245
   AllocTRES=cpu=128,mem=8G,node=1,billing=1245
   Socks/Node=* NtasksPerN:B:S:C=4:0:*:* CoreSpec=*
   MinCPUsNode=4 MinMemoryNode=8G MinTmpDiskNode=0
   Features=[intel14|intel16|intel18|(amr|acm)|nvf|nal|nif]&amd20 DelayBoot=00:00:00
   OverSubscribe=NO Contiguous=0 Licenses=(null) Network=(null)
   Command=/mnt/ufs18/home-244/daihaish/CMSE822-Dai/project-4-openmp-intro-team-9/Part3/job.sb
   WorkDir=/mnt/ufs18/home-244/daihaish/CMSE822-Dai/project-4-openmp-intro-team-9/Part3
   Comment=stdout=/mnt/ufs18/home-244/daihaish/CMSE822-Dai/project-4-openmp-intro-team-9/Part3/slurm-33134214.out 
   StdErr=/mnt/ufs18/home-244/daihaish/CMSE822-Dai/project-4-openmp-intro-team-9/Part3/slurm-33134214.out
   StdIn=/dev/null
   StdOut=/mnt/ufs18/home-244/daihaish/CMSE822-Dai/project-4-openmp-intro-team-9/Part3/slurm-33134214.out
   Power=
   

